Arguments: 
  C:\Program Files\nodejs\node.exe C:\Users\HCHT-KF3\AppData\Roaming\npm\node_modules\yarn\bin\yarn.js start

PATH: 
  C:\Windows\system32;C:\Windows;C:\Windows\System32\Wbem;C:\Windows\System32\WindowsPowerShell\v1.0\;C:\Program Files\Java\jdk1.7.0_51\bin;C:\Program Files (x86)\AOMEI Backupper 3.5;C:\Program Files\Microsoft\Web Platform Installer\;C:\Program Files\TortoiseSVN\bin;C:\Program Files\nodejs\;C:\Program Files\Git\cmd;C:\Program Files\TortoiseGit\bin;C:\Program Files\MySQL\MySQL Utilities 1.6\;;D:\Microsoft VS Code\bin;C:\Users\HCHT-KF3\AppData\Roaming\npm

Yarn version: 
  1.5.1

Node version: 
  8.9.4

Platform: 
  win32 x64

npm manifest: 
  No manifest

yarn manifest: 
  No manifest

Lockfile: 
  No lockfile

Trace: 
  Error: Couldn't find a package.json file in "E:\\work\\pcsy\\pczs"
      at new MessageError (C:\Users\HCHT-KF3\AppData\Roaming\npm\node_modules\yarn\lib\cli.js:186:110)
      at C:\Users\HCHT-KF3\AppData\Roaming\npm\node_modules\yarn\lib\cli.js:40048:15
      at Generator.next (<anonymous>)
      at step (C:\Users\HCHT-KF3\AppData\Roaming\npm\node_modules\yarn\lib\cli.js:98:30)
      at C:\Users\HCHT-KF3\AppData\Roaming\npm\node_modules\yarn\lib\cli.js:109:13
      at <anonymous>
